[ 26/10/2013 03:16:56 ] Conectado ao banco 'pgsql'
[ 26/10/2013 03:16:56 ] SQL executada : 'SELECT descricao, link FROM menus WHERE prf_id = ? ORDER BY id ASC'
[ 26/10/2013 03:16:56 ] SQL parametros : (admin)
[ 26/10/2013 03:17:19 ] Conectado ao banco 'pgsql'
[ 26/10/2013 03:17:19 ] SQL executada : 'SELECT descricao, link FROM menus WHERE prf_id = ? ORDER BY id ASC'
[ 26/10/2013 03:17:19 ] SQL parametros : (admin)
[ 26/10/2013 03:17:21 ] Conectado ao banco 'pgsql'
[ 26/10/2013 03:17:21 ] SQL executada : 'SELECT descricao, link FROM menus WHERE prf_id = ? ORDER BY id ASC'
[ 26/10/2013 03:17:21 ] SQL parametros : (admin)
[ 26/10/2013 03:17:29 ] Conectado ao banco 'pgsql'
[ 26/10/2013 03:17:29 ] SQL executada : 'SELECT descricao, link FROM menus WHERE prf_id = ? ORDER BY id ASC'
[ 26/10/2013 03:17:29 ] SQL parametros : (admin)
[ 26/10/2013 03:17:29 ] Conectado ao banco 'pgsql'
[ 26/10/2013 03:17:29 ] SQL executada : 'SELECT descricao, link FROM menus WHERE prf_id = ? ORDER BY id ASC'
[ 26/10/2013 03:17:29 ] SQL parametros : (admin)
[ 26/10/2013 03:17:34 ] Conectado ao banco 'pgsql'
[ 26/10/2013 03:17:34 ] SQL executada : 'SELECT descricao, link FROM menus WHERE prf_id = ? ORDER BY id ASC'
[ 26/10/2013 03:17:34 ] SQL parametros : (admin)
[ 26/10/2013 03:17:39 ] Conectado ao banco 'pgsql'
[ 26/10/2013 03:17:39 ] SQL executada : 'SELECT descricao, link FROM menus WHERE prf_id = ? ORDER BY id ASC'
[ 26/10/2013 03:17:39 ] SQL parametros : (admin)
[ 26/10/2013 03:18:13 ] Conectado ao banco 'pgsql'
[ 26/10/2013 03:18:13 ] SQL executada : 'SELECT descricao, link FROM menus WHERE prf_id = ? ORDER BY id ASC'
[ 26/10/2013 03:18:13 ] SQL parametros : (admin)
[ 26/10/2013 03:18:13 ] Conectado ao banco 'pgsql'
[ 26/10/2013 03:18:13 ] SQL executada : 'SELECT descricao, link FROM menus WHERE prf_id = ? ORDER BY id ASC'
[ 26/10/2013 03:18:13 ] SQL parametros : (admin)
[ 26/10/2013 03:18:16 ] Conectado ao banco 'pgsql'
[ 26/10/2013 03:18:16 ] SQL executada : 'SELECT descricao, link FROM menus WHERE prf_id = ? ORDER BY id ASC'
[ 26/10/2013 03:18:16 ] SQL parametros : (admin)
[ 26/10/2013 03:18:23 ] Conectado ao banco 'pgsql'
[ 26/10/2013 03:18:23 ] SQL executada : 'SELECT descricao, link FROM menus WHERE prf_id = ? ORDER BY id ASC'
[ 26/10/2013 03:18:23 ] SQL parametros : (admin)
[ 26/10/2013 03:18:23 ] Conectado ao banco 'pgsql'
[ 26/10/2013 03:18:23 ] SQL executada : 'SELECT descricao, link FROM menus WHERE prf_id = ? ORDER BY id ASC'
[ 26/10/2013 03:18:23 ] SQL parametros : (admin)
[ 26/10/2013 03:19:31 ] Conectado ao banco 'pgsql'
[ 26/10/2013 03:19:31 ] SQL executada : 'SELECT descricao, link FROM menus WHERE prf_id = ? ORDER BY id ASC'
[ 26/10/2013 03:19:31 ] SQL parametros : (admin)
[ 26/10/2013 03:19:36 ] Conectado ao banco 'pgsql'
[ 26/10/2013 03:19:36 ] SQL executada : 'SELECT descricao, link FROM menus WHERE prf_id = ? ORDER BY id ASC'
[ 26/10/2013 03:19:36 ] SQL parametros : (admin)
[ 26/10/2013 03:19:54 ] Conectado ao banco 'pgsql'
[ 26/10/2013 03:19:54 ] SQL executada : 'SELECT descricao, link FROM menus WHERE prf_id = ? ORDER BY id ASC'
[ 26/10/2013 03:19:54 ] SQL parametros : (admin)
[ 26/10/2013 03:19:54 ] Conectado ao banco 'pgsql'
[ 26/10/2013 03:19:54 ] SQL executada : 'SELECT descricao, link FROM menus WHERE prf_id = ? ORDER BY id ASC'
[ 26/10/2013 03:19:54 ] SQL parametros : (admin)
[ 26/10/2013 03:20:02 ] Conectado ao banco 'pgsql'
[ 26/10/2013 03:20:02 ] SQL executada : 'SELECT * FROM funcionarios'
[ 26/10/2013 03:20:02 ] SQL parametros : ()
[ 26/10/2013 03:20:02 ] SQL executada : 'SELECT descricao, link FROM menus WHERE prf_id = ? ORDER BY id ASC'
[ 26/10/2013 03:20:02 ] SQL parametros : (admin)
[ 26/10/2013 03:20:02 ] SQL executada : 'SELECT * FROM perfis WHERE id = ?'
[ 26/10/2013 03:20:02 ] SQL parametros : (admin)
[ 26/10/2013 03:20:03 ] Conectado ao banco 'pgsql'
[ 26/10/2013 03:20:03 ] SQL executada : 'SELECT * FROM banners'
[ 26/10/2013 03:20:03 ] SQL parametros : ()
[ 26/10/2013 03:20:03 ] SQL executada : 'SELECT descricao, link FROM menus WHERE prf_id = ? ORDER BY id ASC'
[ 26/10/2013 03:20:03 ] SQL parametros : (admin)
[ 26/10/2013 03:20:04 ] Conectado ao banco 'pgsql'
[ 26/10/2013 03:20:04 ] SQL executada : 'SELECT descricao, link FROM menus WHERE prf_id = ? ORDER BY id ASC'
[ 26/10/2013 03:20:04 ] SQL parametros : (admin)
[ 26/10/2013 03:20:05 ] Conectado ao banco 'pgsql'
[ 26/10/2013 03:20:05 ] SQL executada : 'SELECT * FROM banners'
[ 26/10/2013 03:20:05 ] SQL parametros : ()
[ 26/10/2013 03:20:05 ] SQL executada : 'SELECT descricao, link FROM menus WHERE prf_id = ? ORDER BY id ASC'
[ 26/10/2013 03:20:05 ] SQL parametros : (admin)
[ 26/10/2013 03:21:23 ] Conectado ao banco 'pgsql'
[ 26/10/2013 03:21:23 ] SQL executada : 'SELECT * FROM banners WHERE id = ?'
[ 26/10/2013 03:21:23 ] SQL parametros : (4)
[ 26/10/2013 03:21:23 ] SQL executada : 'DELETE FROM banners WHERE id = ?'
[ 26/10/2013 03:21:23 ] SQL parametros : (4)
[ 26/10/2013 03:21:23 ] SQL executada : 'SELECT descricao, link FROM menus WHERE prf_id = ? ORDER BY id ASC'
[ 26/10/2013 03:21:23 ] SQL parametros : (admin)
[ 26/10/2013 03:21:23 ] Conectado ao banco 'pgsql'
[ 26/10/2013 03:21:23 ] SQL executada : 'SELECT * FROM banners'
[ 26/10/2013 03:21:23 ] SQL parametros : ()
[ 26/10/2013 03:21:23 ] SQL executada : 'SELECT descricao, link FROM menus WHERE prf_id = ? ORDER BY id ASC'
[ 26/10/2013 03:21:23 ] SQL parametros : (admin)
[ 26/10/2013 03:22:04 ] Conectado ao banco 'mysql'
[ 26/10/2013 03:22:04 ] SQL executada : 'SELECT * FROM banners'
[ 26/10/2013 03:22:04 ] SQL parametros : ()
[ 26/10/2013 03:22:04 ] SQL executada : 'SELECT descricao, link FROM menus WHERE prf_id = ? ORDER BY id ASC'
[ 26/10/2013 03:22:04 ] SQL parametros : (admin)
[ 26/10/2013 03:22:06 ] Conectado ao banco 'mysql'
[ 26/10/2013 03:22:06 ] SQL executada : 'SELECT * FROM banners WHERE id = ?'
[ 26/10/2013 03:22:06 ] SQL parametros : (4)
[ 26/10/2013 03:22:06 ] SQL executada : 'DELETE FROM banners WHERE id = ?'
[ 26/10/2013 03:22:06 ] SQL parametros : (4)
[ 26/10/2013 03:22:06 ] SQL executada : 'SELECT descricao, link FROM menus WHERE prf_id = ? ORDER BY id ASC'
[ 26/10/2013 03:22:06 ] SQL parametros : (admin)
[ 26/10/2013 03:22:06 ] Conectado ao banco 'mysql'
[ 26/10/2013 03:22:06 ] SQL executada : 'SELECT * FROM banners'
[ 26/10/2013 03:22:06 ] SQL parametros : ()
[ 26/10/2013 03:22:06 ] SQL executada : 'SELECT descricao, link FROM menus WHERE prf_id = ? ORDER BY id ASC'
[ 26/10/2013 03:22:06 ] SQL parametros : (admin)
[ 26/10/2013 03:22:29 ] Conectado ao banco 'pgsql'
[ 26/10/2013 03:22:29 ] SQL executada : 'SELECT descricao, link FROM menus WHERE prf_id = ? ORDER BY id ASC'
[ 26/10/2013 03:22:29 ] SQL parametros : (admin)
[ 26/10/2013 03:22:45 ] Conectado ao banco 'pgsql'
[ 26/10/2013 03:22:45 ] SQL executada : 'SELECT * FROM banners WHERE id = ?'
[ 26/10/2013 03:22:45 ] SQL parametros : ()
[ 26/10/2013 03:22:45 ] SQL executada : 'INSERT INTO banners (descricao, imagem) VALUES (?, ?)'
[ 26/10/2013 03:22:45 ] SQL parametros : (Banner 4, banner/20131026032245_Novo_banner.jpg)
[ 26/10/2013 03:22:45 ] SQL executada : 'SELECT descricao, link FROM menus WHERE prf_id = ? ORDER BY id ASC'
[ 26/10/2013 03:22:45 ] SQL parametros : (admin)
[ 26/10/2013 03:22:45 ] Conectado ao banco 'pgsql'
[ 26/10/2013 03:22:45 ] SQL executada : 'SELECT * FROM banners'
[ 26/10/2013 03:22:45 ] SQL parametros : ()
[ 26/10/2013 03:22:45 ] SQL executada : 'SELECT descricao, link FROM menus WHERE prf_id = ? ORDER BY id ASC'
[ 26/10/2013 03:22:45 ] SQL parametros : (admin)
[ 26/10/2013 03:22:55 ] Conectado ao banco 'pgsql'
[ 26/10/2013 03:22:55 ] SQL executada : 'SELECT * FROM conteudos WHERE id = ?'
[ 26/10/2013 03:22:55 ] SQL parametros : (1)
[ 26/10/2013 03:22:55 ] SQL executada : 'SELECT descricao, link FROM menus WHERE prf_id = ? ORDER BY id ASC'
[ 26/10/2013 03:22:55 ] SQL parametros : (front)
[ 26/10/2013 03:23:07 ] Conectado ao banco 'pgsql'
[ 26/10/2013 03:23:07 ] SQL executada : 'SELECT descricao, link FROM menus WHERE prf_id = ? ORDER BY id ASC'
[ 26/10/2013 03:23:07 ] SQL parametros : (front)
[ 26/10/2013 03:23:07 ] SQL executada : 'SELECT * FROM banners'
[ 26/10/2013 03:23:07 ] SQL parametros : ()
[ 26/10/2013 03:23:08 ] Conectado ao banco 'pgsql'
[ 26/10/2013 03:23:08 ] SQL executada : 'SELECT descricao, link FROM menus WHERE prf_id = ? ORDER BY id ASC'
[ 26/10/2013 03:23:08 ] SQL parametros : (front)
[ 26/10/2013 03:23:08 ] SQL executada : 'SELECT * FROM banners'
[ 26/10/2013 03:23:08 ] SQL parametros : ()
[ 26/10/2013 03:23:31 ] Conectado ao banco 'pgsql'
[ 26/10/2013 03:23:31 ] SQL executada : 'SELECT * FROM banners WHERE id = ?'
[ 26/10/2013 03:23:31 ] SQL parametros : (5)
[ 26/10/2013 03:23:31 ] SQL executada : 'DELETE FROM banners WHERE id = ?'
[ 26/10/2013 03:23:31 ] SQL parametros : (5)
[ 26/10/2013 03:23:31 ] SQL executada : 'SELECT descricao, link FROM menus WHERE prf_id = ? ORDER BY id ASC'
[ 26/10/2013 03:23:31 ] SQL parametros : (admin)
[ 26/10/2013 03:23:32 ] Conectado ao banco 'pgsql'
[ 26/10/2013 03:23:32 ] SQL executada : 'SELECT * FROM banners'
[ 26/10/2013 03:23:32 ] SQL parametros : ()
[ 26/10/2013 03:23:32 ] SQL executada : 'SELECT descricao, link FROM menus WHERE prf_id = ? ORDER BY id ASC'
[ 26/10/2013 03:23:32 ] SQL parametros : (admin)
[ 26/10/2013 03:24:08 ] Conectado ao banco 'pgsql'
[ 26/10/2013 03:24:08 ] SQL executada : 'SELECT descricao, link FROM menus WHERE prf_id = ? ORDER BY id ASC'
[ 26/10/2013 03:24:08 ] SQL parametros : (admin)
[ 26/10/2013 03:24:10 ] Conectado ao banco 'pgsql'
[ 26/10/2013 03:24:10 ] SQL executada : 'SELECT * FROM funcionarios'
[ 26/10/2013 03:24:10 ] SQL parametros : ()
[ 26/10/2013 03:24:10 ] SQL executada : 'SELECT descricao, link FROM menus WHERE prf_id = ? ORDER BY id ASC'
[ 26/10/2013 03:24:10 ] SQL parametros : (admin)
[ 26/10/2013 03:24:10 ] SQL executada : 'SELECT * FROM perfis WHERE id = ?'
[ 26/10/2013 03:24:10 ] SQL parametros : (admin)
[ 26/10/2013 03:24:11 ] Conectado ao banco 'pgsql'
[ 26/10/2013 03:24:11 ] SQL executada : 'SELECT * FROM banners'
[ 26/10/2013 03:24:11 ] SQL parametros : ()
[ 26/10/2013 03:24:11 ] SQL executada : 'SELECT descricao, link FROM menus WHERE prf_id = ? ORDER BY id ASC'
[ 26/10/2013 03:24:11 ] SQL parametros : (admin)
[ 26/10/2013 03:24:12 ] Conectado ao banco 'pgsql'
[ 26/10/2013 03:24:12 ] SQL executada : 'SELECT * FROM conteudos'
[ 26/10/2013 03:24:12 ] SQL parametros : ()
[ 26/10/2013 03:24:12 ] SQL executada : 'SELECT descricao, link FROM menus WHERE prf_id = ? ORDER BY id ASC'
[ 26/10/2013 03:24:12 ] SQL parametros : (admin)
[ 26/10/2013 03:24:14 ] Conectado ao banco 'pgsql'
[ 26/10/2013 03:24:14 ] SQL executada : 'SELECT descricao, link FROM menus WHERE prf_id = ? ORDER BY id ASC'
[ 26/10/2013 03:24:14 ] SQL parametros : (admin)
[ 26/10/2013 03:24:14 ] Conectado ao banco 'pgsql'
[ 26/10/2013 03:24:14 ] SQL executada : 'SELECT * FROM conteudos'
[ 26/10/2013 03:24:14 ] SQL parametros : ()
[ 26/10/2013 03:24:14 ] SQL executada : 'SELECT descricao, link FROM menus WHERE prf_id = ? ORDER BY id ASC'
[ 26/10/2013 03:24:14 ] SQL parametros : (admin)
[ 26/10/2013 03:24:14 ] Conectado ao banco 'pgsql'
[ 26/10/2013 03:24:14 ] SQL executada : 'SELECT descricao, link FROM menus WHERE prf_id = ? ORDER BY id ASC'
[ 26/10/2013 03:24:14 ] SQL parametros : (admin)
[ 26/10/2013 03:24:17 ] Conectado ao banco 'pgsql'
[ 26/10/2013 03:24:17 ] SQL executada : 'SELECT descricao, link FROM menus WHERE prf_id = ? ORDER BY id ASC'
[ 26/10/2013 03:24:17 ] SQL parametros : (front)
[ 26/10/2013 03:24:17 ] SQL executada : 'SELECT * FROM banners'
[ 26/10/2013 03:24:17 ] SQL parametros : ()
[ 26/10/2013 03:24:42 ] Conectado ao banco 'pgsql'
[ 26/10/2013 03:24:42 ] SQL executada : 'SELECT descricao, link FROM menus WHERE prf_id = ? ORDER BY id ASC'
[ 26/10/2013 03:24:42 ] SQL parametros : (admin)
[ 26/10/2013 03:24:58 ] Conectado ao banco 'pgsql'
[ 26/10/2013 03:24:58 ] SQL executada : 'SELECT descricao, link FROM menus WHERE prf_id = ? ORDER BY id ASC'
[ 26/10/2013 03:24:58 ] SQL parametros : (admin)
[ 26/10/2013 03:24:59 ] Conectado ao banco 'pgsql'
[ 26/10/2013 03:24:59 ] SQL executada : 'SELECT descricao, link FROM menus WHERE prf_id = ? ORDER BY id ASC'
[ 26/10/2013 03:24:59 ] SQL parametros : (front)
[ 26/10/2013 03:24:59 ] SQL executada : 'SELECT * FROM banners'
[ 26/10/2013 03:24:59 ] SQL parametros : ()
[ 26/10/2013 03:25:06 ] Conectado ao banco 'pgsql'
[ 26/10/2013 03:25:06 ] SQL executada : 'SELECT descricao, link FROM menus WHERE prf_id = ? ORDER BY id ASC'
[ 26/10/2013 03:25:06 ] SQL parametros : (front)
[ 26/10/2013 03:25:06 ] SQL executada : 'SELECT * FROM banners'
[ 26/10/2013 03:25:06 ] SQL parametros : ()
[ 26/10/2013 03:25:07 ] Conectado ao banco 'pgsql'
[ 26/10/2013 03:25:07 ] SQL executada : 'SELECT descricao, link FROM menus WHERE prf_id = ? ORDER BY id ASC'
[ 26/10/2013 03:25:07 ] SQL parametros : (admin)
[ 26/10/2013 03:26:04 ] Conectado ao banco 'pgsql'
[ 26/10/2013 03:26:04 ] SQL executada : 'SELECT descricao, link FROM menus WHERE prf_id = ? ORDER BY id ASC'
[ 26/10/2013 03:26:04 ] SQL parametros : (front)
[ 26/10/2013 03:29:37 ] Conectado ao banco 'pgsql'
[ 26/10/2013 03:29:37 ] SQL executada : 'SELECT descricao, link FROM menus WHERE prf_id = ? ORDER BY id ASC'
[ 26/10/2013 03:29:37 ] SQL parametros : (front)
[ 26/10/2013 03:29:47 ] Conectado ao banco 'pgsql'
[ 26/10/2013 03:29:47 ] SQL executada : 'SELECT descricao, link FROM menus WHERE prf_id = ? ORDER BY id ASC'
[ 26/10/2013 03:29:47 ] SQL parametros : (front)
[ 26/10/2013 03:29:50 ] Conectado ao banco 'pgsql'
[ 26/10/2013 03:29:50 ] SQL executada : 'SELECT descricao, link FROM menus WHERE prf_id = ? ORDER BY id ASC'
[ 26/10/2013 03:29:50 ] SQL parametros : (front)
[ 26/10/2013 03:30:41 ] Conectado ao banco 'pgsql'
[ 26/10/2013 03:30:41 ] SQL executada : 'SELECT descricao, link FROM menus WHERE prf_id = ? ORDER BY id ASC'
[ 26/10/2013 03:30:41 ] SQL parametros : (front)
[ 26/10/2013 03:30:45 ] Conectado ao banco 'pgsql'
[ 26/10/2013 03:30:45 ] SQL executada : 'SELECT descricao, link FROM menus WHERE prf_id = ? ORDER BY id ASC'
[ 26/10/2013 03:30:45 ] SQL parametros : (front)
[ 26/10/2013 03:30:47 ] Conectado ao banco 'pgsql'
[ 26/10/2013 03:30:47 ] SQL executada : 'SELECT descricao, link FROM menus WHERE prf_id = ? ORDER BY id ASC'
[ 26/10/2013 03:30:47 ] SQL parametros : (front)
[ 26/10/2013 03:30:51 ] Conectado ao banco 'pgsql'
[ 26/10/2013 03:30:51 ] SQL executada : 'SELECT * FROM conteudos WHERE id = ?'
[ 26/10/2013 03:30:51 ] SQL parametros : (1)
[ 26/10/2013 03:30:51 ] SQL executada : 'SELECT descricao, link FROM menus WHERE prf_id = ? ORDER BY id ASC'
[ 26/10/2013 03:30:51 ] SQL parametros : (front)
[ 26/10/2013 03:30:53 ] Conectado ao banco 'pgsql'
[ 26/10/2013 03:30:53 ] SQL executada : 'SELECT descricao, link FROM menus WHERE prf_id = ? ORDER BY id ASC'
[ 26/10/2013 03:30:53 ] SQL parametros : (front)
[ 26/10/2013 03:30:53 ] SQL executada : 'SELECT * FROM banners'
[ 26/10/2013 03:30:53 ] SQL parametros : ()
[ 26/10/2013 03:34:09 ] Conectado ao banco 'pgsql'
[ 26/10/2013 03:34:09 ] SQL executada : 'SELECT descricao, link FROM menus WHERE prf_id = ? ORDER BY id ASC'
[ 26/10/2013 03:34:09 ] SQL parametros : (front)
[ 26/10/2013 03:34:09 ] SQL executada : 'SELECT * FROM banners'
[ 26/10/2013 03:34:09 ] SQL parametros : ()
[ 26/10/2013 03:34:14 ] Conectado ao banco 'pgsql'
[ 26/10/2013 03:34:14 ] SQL executada : 'SELECT descricao, link FROM menus WHERE prf_id = ? ORDER BY id ASC'
[ 26/10/2013 03:34:14 ] SQL parametros : (front)
[ 26/10/2013 03:34:14 ] SQL executada : 'SELECT * FROM banners'
[ 26/10/2013 03:34:14 ] SQL parametros : ()
[ 26/10/2013 03:56:48 ] Conectado ao banco 'pgsql'
[ 26/10/2013 03:56:48 ] SQL executada : 'SELECT descricao, link FROM menus WHERE prf_id = ? ORDER BY id ASC'
[ 26/10/2013 03:56:48 ] SQL parametros : (front)
[ 26/10/2013 04:10:11 ] Conectado ao banco 'pgsql'
[ 26/10/2013 04:10:11 ] SQL executada : 'SELECT descricao, link FROM menus WHERE prf_id = ? ORDER BY id ASC'
[ 26/10/2013 04:10:11 ] SQL parametros : (front)
[ 26/10/2013 04:10:34 ] Conectado ao banco 'pgsql'
[ 26/10/2013 04:10:34 ] SQL executada : 'SELECT descricao, link FROM menus WHERE prf_id = ? ORDER BY id ASC'
[ 26/10/2013 04:10:34 ] SQL parametros : (front)
[ 26/10/2013 04:10:56 ] Conectado ao banco 'pgsql'
[ 26/10/2013 04:10:56 ] SQL executada : 'SELECT descricao, link FROM menus WHERE prf_id = ? ORDER BY id ASC'
[ 26/10/2013 04:10:56 ] SQL parametros : (front)
[ 26/10/2013 04:11:12 ] Conectado ao banco 'pgsql'
[ 26/10/2013 04:11:12 ] SQL executada : 'SELECT descricao, link FROM menus WHERE prf_id = ? ORDER BY id ASC'
[ 26/10/2013 04:11:12 ] SQL parametros : (front)
[ 26/10/2013 04:11:41 ] Conectado ao banco 'pgsql'
[ 26/10/2013 04:11:41 ] SQL executada : 'SELECT descricao, link FROM menus WHERE prf_id = ? ORDER BY id ASC'
[ 26/10/2013 04:11:41 ] SQL parametros : (front)
[ 26/10/2013 04:12:03 ] Conectado ao banco 'pgsql'
[ 26/10/2013 04:12:03 ] SQL executada : 'SELECT descricao, link FROM menus WHERE prf_id = ? ORDER BY id ASC'
[ 26/10/2013 04:12:03 ] SQL parametros : (front)
[ 26/10/2013 04:12:07 ] Conectado ao banco 'pgsql'
[ 26/10/2013 04:12:07 ] SQL executada : 'SELECT descricao, link FROM menus WHERE prf_id = ? ORDER BY id ASC'
[ 26/10/2013 04:12:07 ] SQL parametros : (front)
[ 26/10/2013 04:14:23 ] Conectado ao banco 'pgsql'
[ 26/10/2013 04:14:23 ] SQL executada : 'SELECT descricao, link FROM menus WHERE prf_id = ? ORDER BY id ASC'
[ 26/10/2013 04:14:23 ] SQL parametros : (front)
[ 26/10/2013 04:14:26 ] Conectado ao banco 'pgsql'
[ 26/10/2013 04:14:26 ] SQL executada : 'SELECT descricao, link FROM menus WHERE prf_id = ? ORDER BY id ASC'
[ 26/10/2013 04:14:26 ] SQL parametros : (front)
[ 26/10/2013 04:14:30 ] Conectado ao banco 'pgsql'
[ 26/10/2013 04:14:30 ] SQL executada : 'SELECT descricao, link FROM menus WHERE prf_id = ? ORDER BY id ASC'
[ 26/10/2013 04:14:30 ] SQL parametros : (front)
[ 26/10/2013 04:14:35 ] Conectado ao banco 'pgsql'
[ 26/10/2013 04:14:35 ] SQL executada : 'SELECT descricao, link FROM menus WHERE prf_id = ? ORDER BY id ASC'
[ 26/10/2013 04:14:35 ] SQL parametros : (front)
[ 26/10/2013 04:15:04 ] Conectado ao banco 'pgsql'
[ 26/10/2013 04:15:04 ] SQL executada : 'SELECT descricao, link FROM menus WHERE prf_id = ? ORDER BY id ASC'
[ 26/10/2013 04:15:04 ] SQL parametros : (front)
[ 26/10/2013 04:15:16 ] Conectado ao banco 'pgsql'
[ 26/10/2013 04:15:16 ] SQL executada : 'SELECT descricao, link FROM menus WHERE prf_id = ? ORDER BY id ASC'
[ 26/10/2013 04:15:16 ] SQL parametros : (front)
[ 26/10/2013 04:15:20 ] Conectado ao banco 'pgsql'
[ 26/10/2013 04:15:20 ] SQL executada : 'SELECT descricao, link FROM menus WHERE prf_id = ? ORDER BY id ASC'
[ 26/10/2013 04:15:20 ] SQL parametros : (front)
[ 26/10/2013 04:15:25 ] Conectado ao banco 'pgsql'
[ 26/10/2013 04:15:25 ] SQL executada : 'SELECT descricao, link FROM menus WHERE prf_id = ? ORDER BY id ASC'
[ 26/10/2013 04:15:25 ] SQL parametros : (front)
[ 26/10/2013 04:16:55 ] Conectado ao banco 'pgsql'
[ 26/10/2013 04:16:55 ] SQL executada : 'SELECT descricao, link FROM menus WHERE prf_id = ? ORDER BY id ASC'
[ 26/10/2013 04:16:55 ] SQL parametros : (front)
[ 26/10/2013 04:16:56 ] Conectado ao banco 'pgsql'
[ 26/10/2013 04:16:56 ] SQL executada : 'SELECT descricao, link FROM menus WHERE prf_id = ? ORDER BY id ASC'
[ 26/10/2013 04:16:56 ] SQL parametros : (front)
[ 26/10/2013 04:17:03 ] Conectado ao banco 'pgsql'
[ 26/10/2013 04:17:03 ] SQL executada : 'SELECT descricao, link FROM menus WHERE prf_id = ? ORDER BY id ASC'
[ 26/10/2013 04:17:03 ] SQL parametros : (front)
[ 26/10/2013 04:17:15 ] Conectado ao banco 'pgsql'
[ 26/10/2013 04:17:15 ] SQL executada : 'SELECT descricao, link FROM menus WHERE prf_id = ? ORDER BY id ASC'
[ 26/10/2013 04:17:15 ] SQL parametros : (front)
[ 26/10/2013 04:17:16 ] Conectado ao banco 'pgsql'
[ 26/10/2013 04:17:16 ] SQL executada : 'SELECT descricao, link FROM menus WHERE prf_id = ? ORDER BY id ASC'
[ 26/10/2013 04:17:16 ] SQL parametros : (front)
[ 26/10/2013 04:17:17 ] Conectado ao banco 'pgsql'
[ 26/10/2013 04:17:17 ] SQL executada : 'SELECT descricao, link FROM menus WHERE prf_id = ? ORDER BY id ASC'
[ 26/10/2013 04:17:17 ] SQL parametros : (front)
[ 26/10/2013 04:17:20 ] Conectado ao banco 'pgsql'
[ 26/10/2013 04:17:20 ] SQL executada : 'SELECT descricao, link FROM menus WHERE prf_id = ? ORDER BY id ASC'
[ 26/10/2013 04:17:20 ] SQL parametros : (front)
[ 26/10/2013 04:17:23 ] Conectado ao banco 'pgsql'
[ 26/10/2013 04:17:23 ] SQL executada : 'SELECT descricao, link FROM menus WHERE prf_id = ? ORDER BY id ASC'
[ 26/10/2013 04:17:23 ] SQL parametros : (front)
[ 26/10/2013 04:17:26 ] Conectado ao banco 'pgsql'
[ 26/10/2013 04:17:26 ] SQL executada : 'SELECT descricao, link FROM menus WHERE prf_id = ? ORDER BY id ASC'
[ 26/10/2013 04:17:26 ] SQL parametros : (front)
[ 26/10/2013 04:17:30 ] Conectado ao banco 'pgsql'
[ 26/10/2013 04:17:30 ] SQL executada : 'SELECT descricao, link FROM menus WHERE prf_id = ? ORDER BY id ASC'
[ 26/10/2013 04:17:30 ] SQL parametros : (front)
[ 26/10/2013 04:17:33 ] Conectado ao banco 'pgsql'
[ 26/10/2013 04:17:33 ] SQL executada : 'SELECT descricao, link FROM menus WHERE prf_id = ? ORDER BY id ASC'
[ 26/10/2013 04:17:33 ] SQL parametros : (front)
[ 26/10/2013 04:18:38 ] Conectado ao banco 'pgsql'
[ 26/10/2013 04:18:38 ] SQL executada : 'SELECT descricao, link FROM menus WHERE prf_id = ? ORDER BY id ASC'
[ 26/10/2013 04:18:38 ] SQL parametros : (admin)
[ 26/10/2013 04:18:42 ] Conectado ao banco 'pgsql'
[ 26/10/2013 04:18:42 ] SQL executada : 'SELECT descricao, link FROM menus WHERE prf_id = ? ORDER BY id ASC'
[ 26/10/2013 04:18:42 ] SQL parametros : (admin)
[ 26/10/2013 04:18:53 ] Conectado ao banco 'pgsql'
[ 26/10/2013 04:18:53 ] SQL executada : 'SELECT nome FROM funcionarios WHERE email = ? AND senha = ?'
[ 26/10/2013 04:18:53 ] SQL parametros : (admin@dexter.com, e10adc3949ba59abbe56e057f20f883e)
[ 26/10/2013 04:18:53 ] SQL executada : 'SELECT descricao, link FROM menus WHERE prf_id = ? ORDER BY id ASC'
[ 26/10/2013 04:18:53 ] SQL parametros : (admin)
[ 26/10/2013 04:18:53 ] Conectado ao banco 'pgsql'
[ 26/10/2013 04:18:53 ] SQL executada : 'SELECT descricao, link FROM menus WHERE prf_id = ? ORDER BY id ASC'
[ 26/10/2013 04:18:53 ] SQL parametros : (admin)
[ 26/10/2013 04:18:53 ] Conectado ao banco 'pgsql'
[ 26/10/2013 04:18:53 ] SQL executada : 'SELECT descricao, link FROM menus WHERE prf_id = ? ORDER BY id ASC'
[ 26/10/2013 04:18:53 ] SQL parametros : (admin)
[ 26/10/2013 04:18:53 ] Conectado ao banco 'pgsql'
[ 26/10/2013 04:18:53 ] SQL executada : 'SELECT descricao, link FROM menus WHERE prf_id = ? ORDER BY id ASC'
[ 26/10/2013 04:18:53 ] SQL parametros : (admin)
[ 26/10/2013 04:18:53 ] Conectado ao banco 'pgsql'
[ 26/10/2013 04:18:53 ] SQL executada : 'SELECT descricao, link FROM menus WHERE prf_id = ? ORDER BY id ASC'
[ 26/10/2013 04:18:53 ] SQL parametros : (admin)
[ 26/10/2013 04:18:53 ] Conectado ao banco 'pgsql'
[ 26/10/2013 04:18:53 ] SQL executada : 'SELECT descricao, link FROM menus WHERE prf_id = ? ORDER BY id ASC'
[ 26/10/2013 04:18:53 ] SQL parametros : (admin)
[ 26/10/2013 04:18:53 ] Conectado ao banco 'pgsql'
[ 26/10/2013 04:18:53 ] SQL executada : 'SELECT descricao, link FROM menus WHERE prf_id = ? ORDER BY id ASC'
[ 26/10/2013 04:18:53 ] SQL parametros : (admin)
[ 26/10/2013 04:18:53 ] Conectado ao banco 'pgsql'
[ 26/10/2013 04:18:53 ] SQL executada : 'SELECT descricao, link FROM menus WHERE prf_id = ? ORDER BY id ASC'
[ 26/10/2013 04:18:53 ] SQL parametros : (admin)
[ 26/10/2013 04:18:53 ] Conectado ao banco 'pgsql'
[ 26/10/2013 04:18:53 ] SQL executada : 'SELECT descricao, link FROM menus WHERE prf_id = ? ORDER BY id ASC'
[ 26/10/2013 04:18:53 ] SQL parametros : (admin)
[ 26/10/2013 04:18:53 ] Conectado ao banco 'pgsql'
[ 26/10/2013 04:18:53 ] SQL executada : 'SELECT descricao, link FROM menus WHERE prf_id = ? ORDER BY id ASC'
[ 26/10/2013 04:18:53 ] SQL parametros : (admin)
[ 26/10/2013 04:18:53 ] Conectado ao banco 'pgsql'
[ 26/10/2013 04:18:53 ] SQL executada : 'SELECT descricao, link FROM menus WHERE prf_id = ? ORDER BY id ASC'
[ 26/10/2013 04:18:53 ] SQL parametros : (admin)
[ 26/10/2013 04:18:53 ] Conectado ao banco 'pgsql'
[ 26/10/2013 04:18:53 ] SQL executada : 'SELECT descricao, link FROM menus WHERE prf_id = ? ORDER BY id ASC'
[ 26/10/2013 04:18:53 ] SQL parametros : (admin)
[ 26/10/2013 04:18:53 ] Conectado ao banco 'pgsql'
[ 26/10/2013 04:18:53 ] SQL executada : 'SELECT descricao, link FROM menus WHERE prf_id = ? ORDER BY id ASC'
[ 26/10/2013 04:18:53 ] SQL parametros : (admin)
[ 26/10/2013 04:18:53 ] Conectado ao banco 'pgsql'
[ 26/10/2013 04:18:53 ] SQL executada : 'SELECT descricao, link FROM menus WHERE prf_id = ? ORDER BY id ASC'
[ 26/10/2013 04:18:53 ] SQL parametros : (admin)
[ 26/10/2013 04:18:53 ] Conectado ao banco 'pgsql'
[ 26/10/2013 04:18:53 ] SQL executada : 'SELECT descricao, link FROM menus WHERE prf_id = ? ORDER BY id ASC'
[ 26/10/2013 04:18:53 ] SQL parametros : (admin)
[ 26/10/2013 04:18:53 ] Conectado ao banco 'pgsql'
[ 26/10/2013 04:18:53 ] SQL executada : 'SELECT descricao, link FROM menus WHERE prf_id = ? ORDER BY id ASC'
[ 26/10/2013 04:18:53 ] SQL parametros : (admin)
[ 26/10/2013 04:18:53 ] Conectado ao banco 'pgsql'
[ 26/10/2013 04:18:53 ] SQL executada : 'SELECT descricao, link FROM menus WHERE prf_id = ? ORDER BY id ASC'
[ 26/10/2013 04:18:53 ] SQL parametros : (admin)
[ 26/10/2013 04:18:53 ] Conectado ao banco 'pgsql'
[ 26/10/2013 04:18:53 ] SQL executada : 'SELECT descricao, link FROM menus WHERE prf_id = ? ORDER BY id ASC'
[ 26/10/2013 04:18:53 ] SQL parametros : (admin)
[ 26/10/2013 04:18:53 ] Conectado ao banco 'pgsql'
[ 26/10/2013 04:18:53 ] SQL executada : 'SELECT descricao, link FROM menus WHERE prf_id = ? ORDER BY id ASC'
[ 26/10/2013 04:18:53 ] SQL parametros : (admin)
[ 26/10/2013 04:18:53 ] Conectado ao banco 'pgsql'
[ 26/10/2013 04:18:53 ] SQL executada : 'SELECT descricao, link FROM menus WHERE prf_id = ? ORDER BY id ASC'
[ 26/10/2013 04:18:53 ] SQL parametros : (admin)
[ 26/10/2013 04:18:53 ] Conectado ao banco 'pgsql'
[ 26/10/2013 04:18:53 ] SQL executada : 'SELECT descricao, link FROM menus WHERE prf_id = ? ORDER BY id ASC'
[ 26/10/2013 04:18:53 ] SQL parametros : (admin)
[ 26/10/2013 04:19:04 ] Conectado ao banco 'pgsql'
[ 26/10/2013 04:19:04 ] SQL executada : 'SELECT descricao, link FROM menus WHERE prf_id = ? ORDER BY id ASC'
[ 26/10/2013 04:19:04 ] SQL parametros : (admin)
[ 26/10/2013 04:19:04 ] Conectado ao banco 'pgsql'
[ 26/10/2013 04:19:04 ] SQL executada : 'SELECT descricao, link FROM menus WHERE prf_id = ? ORDER BY id ASC'
[ 26/10/2013 04:19:04 ] SQL parametros : (admin)
[ 26/10/2013 04:19:04 ] Conectado ao banco 'pgsql'
[ 26/10/2013 04:19:04 ] SQL executada : 'SELECT descricao, link FROM menus WHERE prf_id = ? ORDER BY id ASC'
[ 26/10/2013 04:19:04 ] SQL parametros : (admin)
[ 26/10/2013 04:19:04 ] Conectado ao banco 'pgsql'
[ 26/10/2013 04:19:04 ] SQL executada : 'SELECT descricao, link FROM menus WHERE prf_id = ? ORDER BY id ASC'
[ 26/10/2013 04:19:04 ] SQL parametros : (admin)
[ 26/10/2013 04:19:04 ] Conectado ao banco 'pgsql'
[ 26/10/2013 04:19:04 ] SQL executada : 'SELECT descricao, link FROM menus WHERE prf_id = ? ORDER BY id ASC'
[ 26/10/2013 04:19:04 ] SQL parametros : (admin)
[ 26/10/2013 04:19:04 ] Conectado ao banco 'pgsql'
[ 26/10/2013 04:19:04 ] SQL executada : 'SELECT descricao, link FROM menus WHERE prf_id = ? ORDER BY id ASC'
[ 26/10/2013 04:19:04 ] SQL parametros : (admin)
[ 26/10/2013 04:19:04 ] Conectado ao banco 'pgsql'
[ 26/10/2013 04:19:04 ] SQL executada : 'SELECT descricao, link FROM menus WHERE prf_id = ? ORDER BY id ASC'
[ 26/10/2013 04:19:04 ] SQL parametros : (admin)
[ 26/10/2013 04:19:04 ] Conectado ao banco 'pgsql'
[ 26/10/2013 04:19:04 ] SQL executada : 'SELECT descricao, link FROM menus WHERE prf_id = ? ORDER BY id ASC'
[ 26/10/2013 04:19:04 ] SQL parametros : (admin)
[ 26/10/2013 04:19:04 ] Conectado ao banco 'pgsql'
[ 26/10/2013 04:19:04 ] SQL executada : 'SELECT descricao, link FROM menus WHERE prf_id = ? ORDER BY id ASC'
[ 26/10/2013 04:19:04 ] SQL parametros : (admin)
[ 26/10/2013 04:19:04 ] Conectado ao banco 'pgsql'
[ 26/10/2013 04:19:04 ] SQL executada : 'SELECT descricao, link FROM menus WHERE prf_id = ? ORDER BY id ASC'
[ 26/10/2013 04:19:04 ] SQL parametros : (admin)
[ 26/10/2013 04:19:04 ] Conectado ao banco 'pgsql'
[ 26/10/2013 04:19:04 ] SQL executada : 'SELECT descricao, link FROM menus WHERE prf_id = ? ORDER BY id ASC'
[ 26/10/2013 04:19:04 ] SQL parametros : (admin)
[ 26/10/2013 04:19:04 ] Conectado ao banco 'pgsql'
[ 26/10/2013 04:19:04 ] SQL executada : 'SELECT descricao, link FROM menus WHERE prf_id = ? ORDER BY id ASC'
[ 26/10/2013 04:19:04 ] SQL parametros : (admin)
[ 26/10/2013 04:19:04 ] Conectado ao banco 'pgsql'
[ 26/10/2013 04:19:04 ] SQL executada : 'SELECT descricao, link FROM menus WHERE prf_id = ? ORDER BY id ASC'
[ 26/10/2013 04:19:04 ] SQL parametros : (admin)
[ 26/10/2013 04:19:04 ] Conectado ao banco 'pgsql'
[ 26/10/2013 04:19:04 ] SQL executada : 'SELECT descricao, link FROM menus WHERE prf_id = ? ORDER BY id ASC'
[ 26/10/2013 04:19:04 ] SQL parametros : (admin)
[ 26/10/2013 04:19:04 ] Conectado ao banco 'pgsql'
[ 26/10/2013 04:19:04 ] SQL executada : 'SELECT descricao, link FROM menus WHERE prf_id = ? ORDER BY id ASC'
[ 26/10/2013 04:19:04 ] SQL parametros : (admin)
[ 26/10/2013 04:19:04 ] Conectado ao banco 'pgsql'
[ 26/10/2013 04:19:04 ] SQL executada : 'SELECT descricao, link FROM menus WHERE prf_id = ? ORDER BY id ASC'
[ 26/10/2013 04:19:04 ] SQL parametros : (admin)
[ 26/10/2013 04:19:04 ] Conectado ao banco 'pgsql'
[ 26/10/2013 04:19:05 ] SQL executada : 'SELECT descricao, link FROM menus WHERE prf_id = ? ORDER BY id ASC'
[ 26/10/2013 04:19:05 ] SQL parametros : (admin)
[ 26/10/2013 04:19:05 ] Conectado ao banco 'pgsql'
[ 26/10/2013 04:19:05 ] SQL executada : 'SELECT descricao, link FROM menus WHERE prf_id = ? ORDER BY id ASC'
[ 26/10/2013 04:19:05 ] SQL parametros : (admin)
[ 26/10/2013 04:19:05 ] Conectado ao banco 'pgsql'
[ 26/10/2013 04:19:05 ] SQL executada : 'SELECT descricao, link FROM menus WHERE prf_id = ? ORDER BY id ASC'
[ 26/10/2013 04:19:05 ] SQL parametros : (admin)
[ 26/10/2013 04:19:05 ] Conectado ao banco 'pgsql'
[ 26/10/2013 04:19:05 ] SQL executada : 'SELECT descricao, link FROM menus WHERE prf_id = ? ORDER BY id ASC'
[ 26/10/2013 04:19:05 ] SQL parametros : (admin)
[ 26/10/2013 04:19:05 ] Conectado ao banco 'pgsql'
[ 26/10/2013 04:19:05 ] SQL executada : 'SELECT descricao, link FROM menus WHERE prf_id = ? ORDER BY id ASC'
[ 26/10/2013 04:19:05 ] SQL parametros : (admin)
[ 26/10/2013 04:19:06 ] Conectado ao banco 'pgsql'
[ 26/10/2013 04:19:06 ] SQL executada : 'SELECT descricao, link FROM menus WHERE prf_id = ? ORDER BY id ASC'
[ 26/10/2013 04:19:06 ] SQL parametros : (admin)
[ 26/10/2013 04:19:07 ] Conectado ao banco 'pgsql'
[ 26/10/2013 04:19:07 ] SQL executada : 'SELECT descricao, link FROM menus WHERE prf_id = ? ORDER BY id ASC'
[ 26/10/2013 04:19:07 ] SQL parametros : (admin)
[ 26/10/2013 04:19:10 ] Conectado ao banco 'pgsql'
[ 26/10/2013 04:19:10 ] SQL executada : 'SELECT descricao, link FROM menus WHERE prf_id = ? ORDER BY id ASC'
[ 26/10/2013 04:19:10 ] SQL parametros : (admin)
[ 26/10/2013 04:19:11 ] Conectado ao banco 'pgsql'
[ 26/10/2013 04:19:11 ] SQL executada : 'SELECT descricao, link FROM menus WHERE prf_id = ? ORDER BY id ASC'
[ 26/10/2013 04:19:11 ] SQL parametros : (admin)
[ 26/10/2013 04:19:19 ] Conectado ao banco 'pgsql'
[ 26/10/2013 04:19:19 ] SQL executada : 'SELECT nome FROM funcionarios WHERE email = ? AND senha = ?'
[ 26/10/2013 04:19:19 ] SQL parametros : (admin@dexter.com, e10adc3949ba59abbe56e057f20f883e)
[ 26/10/2013 04:19:19 ] SQL executada : 'SELECT descricao, link FROM menus WHERE prf_id = ? ORDER BY id ASC'
[ 26/10/2013 04:19:19 ] SQL parametros : (admin)
[ 26/10/2013 04:19:19 ] Conectado ao banco 'pgsql'
[ 26/10/2013 04:19:19 ] SQL executada : 'SELECT descricao, link FROM menus WHERE prf_id = ? ORDER BY id ASC'
[ 26/10/2013 04:19:19 ] SQL parametros : (admin)
[ 28/10/2013 14:00:05 ] Conectado ao banco 'pgsql'
[ 28/10/2013 14:00:05 ] SQL executada : 'SELECT descricao, link FROM menus WHERE prf_id = ? ORDER BY id ASC'
[ 28/10/2013 14:00:05 ] SQL parametros : (front)
[ 28/10/2013 14:00:05 ] SQL executada : 'SELECT * FROM banners'
[ 28/10/2013 14:00:05 ] SQL parametros : ()
[ 28/10/2013 14:00:07 ] Conectado ao banco 'pgsql'
[ 28/10/2013 14:00:07 ] SQL executada : 'SELECT descricao, link FROM menus WHERE prf_id = ? ORDER BY id ASC'
[ 28/10/2013 14:00:07 ] SQL parametros : (front)
[ 28/10/2013 14:00:08 ] Conectado ao banco 'pgsql'
[ 28/10/2013 14:00:08 ] SQL executada : 'SELECT descricao, link FROM menus WHERE prf_id = ? ORDER BY id ASC'
[ 28/10/2013 14:00:08 ] SQL parametros : (front)
[ 28/10/2013 14:00:10 ] Conectado ao banco 'pgsql'
[ 28/10/2013 14:00:10 ] SQL executada : 'SELECT descricao, link FROM menus WHERE prf_id = ? ORDER BY id ASC'
[ 28/10/2013 14:00:10 ] SQL parametros : (admin)
[ 04/11/2013 01:07:27 ] Conectado ao banco 'pgsql'
[ 04/11/2013 01:07:28 ] SQL executada : 'SELECT descricao, link FROM menus WHERE prf_id = ? ORDER BY id ASC'
[ 04/11/2013 01:07:28 ] SQL parametros : (front)
[ 04/11/2013 01:07:28 ] SQL executada : 'SELECT * FROM banners'
[ 04/11/2013 01:07:28 ] SQL parametros : ()
[ 04/11/2013 01:07:30 ] Conectado ao banco 'pgsql'
[ 04/11/2013 01:07:30 ] SQL executada : 'SELECT descricao, link FROM menus WHERE prf_id = ? ORDER BY id ASC'
[ 04/11/2013 01:07:30 ] SQL parametros : (admin)
[ 04/11/2013 01:07:35 ] Conectado ao banco 'pgsql'
[ 04/11/2013 01:07:35 ] SQL executada : 'SELECT nome FROM funcionarios WHERE email = ? AND senha = ?'
[ 04/11/2013 01:07:35 ] SQL parametros : (admin@dexter.com, a8e7d49e64a02a24b8b75a74600d9852)
[ 04/11/2013 01:07:35 ] SQL executada : 'SELECT descricao, link FROM menus WHERE prf_id = ? ORDER BY id ASC'
[ 04/11/2013 01:07:35 ] SQL parametros : (admin)
[ 04/11/2013 01:07:35 ] Conectado ao banco 'pgsql'
[ 04/11/2013 01:07:35 ] SQL executada : 'SELECT descricao, link FROM menus WHERE prf_id = ? ORDER BY id ASC'
[ 04/11/2013 01:07:35 ] SQL parametros : (admin)
[ 04/11/2013 01:07:43 ] Conectado ao banco 'pgsql'
[ 04/11/2013 01:07:43 ] SQL executada : 'SELECT nome FROM funcionarios WHERE email = ? AND senha = ?'
[ 04/11/2013 01:07:43 ] SQL parametros : (admin@dexter.com, e10adc3949ba59abbe56e057f20f883e)
[ 04/11/2013 01:07:43 ] SQL executada : 'SELECT descricao, link FROM menus WHERE prf_id = ? ORDER BY id ASC'
[ 04/11/2013 01:07:43 ] SQL parametros : (admin)
[ 04/11/2013 01:07:43 ] Conectado ao banco 'pgsql'
[ 04/11/2013 01:07:43 ] SQL executada : 'SELECT descricao, link FROM menus WHERE prf_id = ? ORDER BY id ASC'
[ 04/11/2013 01:07:43 ] SQL parametros : (admin)
[ 04/11/2013 01:07:45 ] Conectado ao banco 'pgsql'
[ 04/11/2013 01:07:45 ] SQL executada : 'SELECT descricao, link FROM menus WHERE prf_id = ? ORDER BY id ASC'
[ 04/11/2013 01:07:45 ] SQL parametros : (admin)
[ 04/11/2013 01:07:49 ] Conectado ao banco 'pgsql'
[ 04/11/2013 01:07:49 ] SQL executada : 'SELECT descricao, link FROM menus WHERE prf_id = ? ORDER BY id ASC'
[ 04/11/2013 01:07:49 ] SQL parametros : (admin)
[ 04/11/2013 01:07:50 ] Conectado ao banco 'pgsql'
[ 04/11/2013 01:07:50 ] SQL executada : 'SELECT descricao, link FROM menus WHERE prf_id = ? ORDER BY id ASC'
[ 04/11/2013 01:07:50 ] SQL parametros : (admin)
[ 04/11/2013 01:07:50 ] Conectado ao banco 'pgsql'
[ 04/11/2013 01:07:50 ] SQL executada : 'SELECT descricao, link FROM menus WHERE prf_id = ? ORDER BY id ASC'
[ 04/11/2013 01:07:50 ] SQL parametros : (admin)
[ 04/11/2013 01:14:47 ] Conectado ao banco 'pgsql'
[ 04/11/2013 01:14:47 ] SQL executada : 'SELECT descricao, link FROM menus WHERE prf_id = ? ORDER BY id ASC'
[ 04/11/2013 01:14:47 ] SQL parametros : (admin)
[ 04/11/2013 01:14:50 ] Conectado ao banco 'pgsql'
[ 04/11/2013 01:14:50 ] SQL executada : 'SELECT descricao, link FROM menus WHERE prf_id = ? ORDER BY id ASC'
[ 04/11/2013 01:14:50 ] SQL parametros : (admin)
[ 04/11/2013 01:14:51 ] Conectado ao banco 'pgsql'
[ 04/11/2013 01:14:51 ] SQL executada : 'SELECT descricao, link FROM menus WHERE prf_id = ? ORDER BY id ASC'
[ 04/11/2013 01:14:51 ] SQL parametros : (admin)
[ 04/11/2013 01:31:51 ] Conectado ao banco 'pgsql'
[ 04/11/2013 01:31:51 ] SQL executada : 'SELECT descricao, link FROM menus WHERE prf_id = ? ORDER BY id ASC'
[ 04/11/2013 01:31:51 ] SQL parametros : (front)
[ 04/11/2013 01:31:51 ] SQL executada : 'SELECT * FROM banners'
[ 04/11/2013 01:31:51 ] SQL parametros : ()
[ 04/11/2013 01:44:34 ] Conectado ao banco 'pgsql'
[ 04/11/2013 01:44:34 ] SQL executada : 'SELECT descricao, link FROM menus WHERE prf_id = ? ORDER BY id ASC'
[ 04/11/2013 01:44:34 ] SQL parametros : (front)
[ 04/11/2013 01:44:34 ] SQL executada : 'SELECT * FROM banners'
[ 04/11/2013 01:44:34 ] SQL parametros : ()
[ 04/11/2013 02:09:46 ] Conectado ao banco 'pgsql'
[ 04/11/2013 02:09:46 ] SQL executada : 'SELECT descricao, link FROM menus WHERE prf_id = ? ORDER BY id ASC'
[ 04/11/2013 02:09:46 ] SQL parametros : (admin)
[ 04/11/2013 02:09:51 ] Conectado ao banco 'pgsql'
[ 04/11/2013 02:09:51 ] SQL executada : 'SELECT nome FROM funcionarios WHERE email = ? AND senha = ?'
[ 04/11/2013 02:09:51 ] SQL parametros : (admin@dexter.com, e10adc3949ba59abbe56e057f20f883e)
[ 04/11/2013 02:09:51 ] SQL executada : 'SELECT descricao, link FROM menus WHERE prf_id = ? ORDER BY id ASC'
[ 04/11/2013 02:09:51 ] SQL parametros : (admin)
[ 04/11/2013 02:09:51 ] Conectado ao banco 'pgsql'
[ 04/11/2013 02:09:51 ] SQL executada : 'SELECT descricao, link FROM menus WHERE prf_id = ? ORDER BY id ASC'
[ 04/11/2013 02:09:51 ] SQL parametros : (admin)
[ 04/11/2013 02:09:54 ] Conectado ao banco 'pgsql'
[ 04/11/2013 02:09:54 ] SQL executada : 'SELECT * FROM banners'
[ 04/11/2013 02:09:54 ] SQL parametros : ()
[ 04/11/2013 02:09:54 ] SQL executada : 'SELECT descricao, link FROM menus WHERE prf_id = ? ORDER BY id ASC'
[ 04/11/2013 02:09:54 ] SQL parametros : (admin)
[ 04/11/2013 02:12:44 ] Conectado ao banco 'pgsql'
[ 04/11/2013 02:12:44 ] SQL executada : 'SELECT descricao, link FROM menus WHERE prf_id = ? ORDER BY id ASC'
[ 04/11/2013 02:12:44 ] SQL parametros : (admin)
[ 04/11/2013 02:13:08 ] Conectado ao banco 'pgsql'
[ 04/11/2013 02:13:08 ] SQL executada : 'SELECT descricao, link FROM menus WHERE prf_id = ? ORDER BY id ASC'
[ 04/11/2013 02:13:08 ] SQL parametros : (admin)
[ 04/11/2013 02:13:13 ] Conectado ao banco 'pgsql'
[ 04/11/2013 02:13:13 ] SQL executada : 'SELECT descricao, link FROM menus WHERE prf_id = ? ORDER BY id ASC'
[ 04/11/2013 02:13:13 ] SQL parametros : (admin)
[ 04/11/2013 02:13:13 ] Conectado ao banco 'pgsql'
[ 04/11/2013 02:13:13 ] SQL executada : 'SELECT descricao, link FROM menus WHERE prf_id = ? ORDER BY id ASC'
[ 04/11/2013 02:13:13 ] SQL parametros : (admin)
[ 22/06/2015 20:05:58 ] Conectado ao banco 'pgsql'
[ 22/06/2015 20:05:58 ] SQL executada : 'SELECT descricao, link FROM menus WHERE prf_id = ? ORDER BY id ASC'
[ 22/06/2015 20:05:58 ] SQL parametros : (front)
[ 22/06/2015 20:05:58 ] SQL executada : 'SELECT * FROM banners'
[ 22/06/2015 20:05:58 ] SQL parametros : ()
